0 verbose cli /opt/homebrew/Cellar/node/25.6.1_1/bin/node /opt/homebrew/bin/npm
1 info using npm@11.9.0
2 info using node@v25.6.1
3 silly config load:file:/opt/homebrew/lib/node_modules/npm/npmrc
4 silly config load:file:/Users/mathauscm/Documents/aldeia/audit-sdk/.npmrc
5 silly config load:file:/Users/mathauscm/.npmrc
6 silly config load:file:/opt/homebrew/etc/npmrc
7 verbose title npm pack
8 verbose argv "pack" "--dry-run"
9 verbose logfile logs-max:10 dir:/Users/mathauscm/Documents/aldeia/audit-sdk/.npm-cache/_logs/2026-02-25T14_40_58_020Z-
10 verbose logfile /Users/mathauscm/Documents/aldeia/audit-sdk/.npm-cache/_logs/2026-02-25T14_40_58_020Z-debug-0.log
11 silly logfile done cleaning log files
12 http fetch GET https://registry.npmjs.org/npm attempt 1 failed with ENOTFOUND
13 silly packumentCache heap:4496293888 maxSize:1124073472 maxEntrySize:562036736
14 notice
15 notice 📦  @aldeia/audit-sdk@0.1.0
16 notice Tarball Contents
17 notice 3.4kB README.md
17 notice 1.1kB dist/index.d.ts
17 notice 1.6kB dist/index.js
17 notice 1.5kB dist/types.d.ts
17 notice 27B dist/types.js
17 notice 1.0kB package.json
18 notice Tarball Details
19 notice name: @aldeia/audit-sdk
20 notice version: 0.1.0
21 notice filename: aldeia-audit-sdk-0.1.0.tgz
22 notice package size: 3.5 kB
23 notice unpacked size: 8.6 kB
24 notice shasum: ef89e06b05c7133d50039274ead6e1946dac7c0d
25 notice integrity: sha512-LinYJLgi8LhxC[...]mER+DGzjMLoMw==
26 notice total files: 6
27 notice
28 verbose cwd /Users/mathauscm/Documents/aldeia/audit-sdk
29 verbose os Darwin 25.3.0
30 verbose node v25.6.1
31 verbose npm  v11.9.0
32 verbose exit 0
33 info ok
