0 verbose cli /opt/homebrew/Cellar/node/25.6.1_1/bin/node /opt/homebrew/bin/npm
1 info using npm@11.9.0
2 info using node@v25.6.1
3 silly config load:file:/opt/homebrew/lib/node_modules/npm/npmrc
4 silly config load:file:/Users/mathauscm/Documents/aldeia/audit-sdk/.npmrc
5 silly config load:file:/Users/mathauscm/.npmrc
6 silly config load:file:/opt/homebrew/etc/npmrc
7 verbose title npm pack
8 verbose argv "pack" "--dry-run"
9 verbose logfile logs-max:10 dir:/Users/mathauscm/Documents/aldeia/audit-sdk/.npm-cache/_logs/2026-02-25T14_46_28_033Z-
10 verbose logfile /Users/mathauscm/Documents/aldeia/audit-sdk/.npm-cache/_logs/2026-02-25T14_46_28_033Z-debug-0.log
11 silly logfile done cleaning log files
12 silly packumentCache heap:4496293888 maxSize:1124073472 maxEntrySize:562036736
13 notice
14 notice 📦  @aldeia/audit-sdk@0.1.0
15 notice Tarball Contents
16 notice 1.1kB LICENSE
16 notice 3.4kB README.md
16 notice 1.1kB dist/index.d.ts
16 notice 1.8kB dist/index.js
16 notice 1.5kB dist/types.d.ts
16 notice 27B dist/types.js
16 notice 1.3kB package.json
17 notice Tarball Details
18 notice name: @aldeia/audit-sdk
19 notice version: 0.1.0
20 notice filename: aldeia-audit-sdk-0.1.0.tgz
21 notice package size: 4.3 kB
22 notice unpacked size: 10.2 kB
23 notice shasum: e3936982847b8870a840a82628415a5dbdfb4ba3
24 notice integrity: sha512-2jqL0dEJCn2B8[...]WSlRtSeBuxZRQ==
25 notice total files: 7
26 notice
27 verbose cwd /Users/mathauscm/Documents/aldeia/audit-sdk
28 verbose os Darwin 25.3.0
29 verbose node v25.6.1
30 verbose npm  v11.9.0
31 verbose exit 0
32 info ok
